Build started 06.04.2018 13:22:36.
     1>Project "D:\Programming\ConsoleApplication10\ConsoleApplication10\ConsoleApplication10.vcxproj" on node 2 (Build target(s)).
     1>ClCompile:
         C:\Program Files (x86)\Microsoft Visual Studio 12.0\VC\bin\CL.exe /c /ZI /nologo /W3 /WX- /sdl /Od /Oy- /D WIN32 /D _DEBUG /D _CONSOLE /D _LIB /D _UNICODE /D UNICODE /Gm /EHsc /RTC1 /MDd /GS /fp:precise /Zc:wchar_t /Zc:forScope /Yu"stdafx.h" /Fp"Debug\ConsoleApplication10.pch" /Fo"Debug\\" /Fd"Debug\vc120.pdb" /Gd /TP /analyze- /errorReport:prompt ConsoleApplication10.cpp
         ConsoleApplication10.cpp
     1>d:\programming\consoleapplication10\consoleapplication10\consoleapplication10.cpp(37): warning C4018: '<' : signed/unsigned mismatch
     1>d:\programming\consoleapplication10\consoleapplication10\consoleapplication10.cpp(41): warning C4244: '=' : conversion from 'double' to 'float', possible loss of data
     1>d:\programming\consoleapplication10\consoleapplication10\consoleapplication10.cpp(44): warning C4244: '=' : conversion from 'double' to 'float', possible loss of data
     1>d:\programming\consoleapplication10\consoleapplication10\consoleapplication10.cpp(46): warning C4244: '=' : conversion from 'double' to 'float', possible loss of data
     1>d:\programming\consoleapplication10\consoleapplication10\consoleapplication10.cpp(48): warning C4244: '=' : conversion from 'double' to 'float', possible loss of data
     1>d:\programming\consoleapplication10\consoleapplication10\consoleapplication10.cpp(50): warning C4244: '=' : conversion from 'double' to 'float', possible loss of data
     1>d:\programming\consoleapplication10\consoleapplication10\consoleapplication10.cpp(52): warning C4244: '=' : conversion from 'double' to 'float', possible loss of data
     1>d:\programming\consoleapplication10\consoleapplication10\consoleapplication10.cpp(55): warning C4244: '*=' : conversion from 'double' to 'float', possible loss of data
     1>d:\programming\consoleapplication10\consoleapplication10\consoleapplication10.cpp(57): warning C4244: 'argument' : conversion from 'float' to 'DWORD', possible loss of data
       Link:
         C:\Program Files (x86)\Microsoft Visual Studio 12.0\VC\bin\link.exe /ERRORREPORT:PROMPT /OUT:"D:\Programming\ConsoleApplication10\Debug\ConsoleApplication10.exe" /INCREMENTAL /NOLOGO kernel32.lib user32.lib gdi32.lib winspool.lib comdlg32.lib advapi32.lib shell32.lib ole32.lib oleaut32.lib uuid.lib odbc32.lib odbccp32.lib /MANIFEST /MANIFESTUAC:"level='asInvoker' uiAccess='false'" /manifest:embed /DEBUG /PDB:"D:\Programming\ConsoleApplication10\Debug\ConsoleApplication10.pdb" /SUBSYSTEM:CONSOLE /TLBID:1 /DYNAMICBASE /NXCOMPAT /IMPLIB:"D:\Programming\ConsoleApplication10\Debug\ConsoleApplication10.lib" /MACHINE:X86 Debug\ConsoleApplication10.obj
         Debug\stdafx.obj
         ConsoleApplication10.vcxproj -> D:\Programming\ConsoleApplication10\Debug\ConsoleApplication10.exe
     1>Done Building Project "D:\Programming\ConsoleApplication10\ConsoleApplication10\ConsoleApplication10.vcxproj" (Build target(s)).

Build succeeded.

Time Elapsed 00:00:03.05
